illformed AST: case control
illformed AST: case ConnectType(control: of CONNECT.ord())
illformed AST: case ConnectType(control: of CONNECT.ord())
illformed AST: case ConnectType(control: of CONNECT.ord())
illformed AST: case control
illformed AST: byt and 0x00000080 == 0:
illformed AST: byt and 0x00000080 == 0:
illformed AST: byt and 0x00000080 == 0:
illformed AST: byt and 0x00000080 == 0:
illformed AST: case
illformed AST: case
illformed AST: case
illformed AST: case
illformed AST: case control
illformed AST: case control
illformed AST: 
of :
illformed AST: 
of :
illformed AST: 
of :
illformed AST: 
of :
illformed AST: 
of :
illformed AST: 
of :
illformed AST: 
of :
illformed AST: 
of :
illformed AST: case control
illformed AST: case control
illformed AST: 
of :
illformed AST: case control
illformed AST: case control
illformed AST: case control
illformed AST: case control
illformed AST: case control
illformed AST: 
of :
illformed AST: case control
illformed AST: case control
illformed AST: 
of :
illformed AST: 
of :
  C
illformed AST: 
of :
  CONNEC(
  )
illformed AST: 
of :
  CONNEC
illformed AST: 
of :
  CONN
illformed AST: 
of :
  CO
illformed AST: 
of :
  C
illformed AST: case control
illformed AST: 
of :
illformed AST: case CONNECT
illformed AST: case CONNECT
illformed AST: case CONNECT
illformed AST: case CONNECT
illformed AST: case CONNECT
illformed AST: case CONNECT
illformed AST: case t
illformed AST: case t
illformed AST: case t
illformed AST: case t
illformed AST: case t
illformed AST: case t
illformed AST: case t
illformed AST: case t
illformed AST: case t
illformed AST: case t
illformed AST: case t
illformed AST: case t
illformed AST: case t
illformed AST: case t
illformed AST: case t
illformed AST: case control
illformed AST: case control
illformed AST: case control
illformed AST: case control
illformed AST: case control
illformed AST: case control
illformed AST: case control
illformed AST: case control
illformed AST: case control
illformed AST: case control
illformed AST: case control
illformed AST: case control
illformed AST: case control
illformed AST: case control
illformed AST: case control
illformed AST: case control
illformed AST: case control
illformed AST: case control
illformed AST: case control
illformed AST: case control
illformed AST: case control
illformed AST: case control
illformed AST: case control
illformed AST: case control
illformed AST: case control
illformed AST: case control
illformed AST: case control
illformed AST: case control
illformed AST: case control
illformed AST: case control
illformed AST: case control
illformed AST: case control
illformed AST: case control
illformed AST: case control
illformed AST: 
of :
